Determining if the include file pthread.h exists failed with the following output:
Change Dir: C:/Users/butch/Desktop/OU Schoolwork/CS4900/main/modules/NewModule/src/out/build/x64-Debug/CMakeFiles/CMakeTmp

Run Build Command(s):C:/Program Files (x86)/Microsoft Visual Studio/2019/Community/Common7/IDE/CommonExtensions/Microsoft/CMake/Ninja/ninja.exe cmTC_9a006 && [1/2] Building C object CMakeFiles\cmTC_9a006.dir\CheckIncludeFile.c.obj
FAILED: CMakeFiles/cmTC_9a006.dir/CheckIncludeFile.c.obj 
C:\PROGRA~2\MICROS~2\2019\COMMUN~1\VC\Tools\MSVC\1424~1.283\bin\HostX64\x64\cl.exe  /nologo   /DWIN32 /D_WINDOWS /W3  /MDd /Zi /Ob0 /Od /RTC1 /showIncludes /FoCMakeFiles\cmTC_9a006.dir\CheckIncludeFile.c.obj /FdCMakeFiles\cmTC_9a006.dir\ /FS -c CheckIncludeFile.c
CheckIncludeFile.c(1): fatal error C1083: Cannot open include file: 'pthread.h': No such file or directory
ninja: build stopped: subcommand failed.



Determining if the AFTR_CONFIG_USE_FONTS exist failed with the following output:
Change Dir: C:/Users/butch/Desktop/OU Schoolwork/CS4900/main/modules/NewModule/src/out/build/x64-Debug/CMakeFiles/CMakeTmp

Run Build Command(s):C:/Program Files (x86)/Microsoft Visual Studio/2019/Community/Common7/IDE/CommonExtensions/Microsoft/CMake/Ninja/ninja.exe cmTC_4433e && [1/2] Building C object CMakeFiles\cmTC_4433e.dir\CheckSymbolExists.c.obj
FAILED: CMakeFiles/cmTC_4433e.dir/CheckSymbolExists.c.obj 
C:\PROGRA~2\MICROS~2\2019\COMMUN~1\VC\Tools\MSVC\1424~1.283\bin\HostX64\x64\cl.exe  /nologo   /DWIN32 /D_WINDOWS /W3  /MDd /Zi /Ob0 /Od /RTC1 /showIncludes /FoCMakeFiles\cmTC_4433e.dir\CheckSymbolExists.c.obj /FdCMakeFiles\cmTC_4433e.dir\ /FS -c CheckSymbolExists.c
CheckSymbolExists.c(8): error C2065: 'AFTR_CONFIG_USE_FONTS': undeclared identifier
ninja: build stopped: subcommand failed.


File C:/Users/butch/Desktop/OU Schoolwork/CS4900/main/modules/NewModule/src/out/build/x64-Debug/CMakeFiles/CMakeTmp/CheckSymbolExists.c:
/* */
#include <C:/Users/butch/Desktop/OU Schoolwork/CS4900/main/include/aftr/AftrConfig.h>

int main(int argc, char** argv)
{
  (void)argv;
#ifndef AFTR_CONFIG_USE_FONTS
  return ((int*)(&AFTR_CONFIG_USE_FONTS))[argc];
#else
  (void)argc;
  return 0;
#endif
}

Determining if the AFTR_CONFIG_USE_OCULUS_RIFT_OVR exist failed with the following output:
Change Dir: C:/Users/butch/Desktop/OU Schoolwork/CS4900/main/modules/NewModule/src/out/build/x64-Debug/CMakeFiles/CMakeTmp

Run Build Command(s):C:/Program Files (x86)/Microsoft Visual Studio/2019/Community/Common7/IDE/CommonExtensions/Microsoft/CMake/Ninja/ninja.exe cmTC_409a6 && [1/2] Building C object CMakeFiles\cmTC_409a6.dir\CheckSymbolExists.c.obj
FAILED: CMakeFiles/cmTC_409a6.dir/CheckSymbolExists.c.obj 
C:\PROGRA~2\MICROS~2\2019\COMMUN~1\VC\Tools\MSVC\1424~1.283\bin\HostX64\x64\cl.exe  /nologo   /DWIN32 /D_WINDOWS /W3  /MDd /Zi /Ob0 /Od /RTC1 /showIncludes /FoCMakeFiles\cmTC_409a6.dir\CheckSymbolExists.c.obj /FdCMakeFiles\cmTC_409a6.dir\ /FS -c CheckSymbolExists.c
CheckSymbolExists.c(8): error C2065: 'AFTR_CONFIG_USE_OCULUS_RIFT_OVR': undeclared identifier
ninja: build stopped: subcommand failed.


File C:/Users/butch/Desktop/OU Schoolwork/CS4900/main/modules/NewModule/src/out/build/x64-Debug/CMakeFiles/CMakeTmp/CheckSymbolExists.c:
/* */
#include <C:/Users/butch/Desktop/OU Schoolwork/CS4900/main/include/aftr/AftrConfig.h>

int main(int argc, char** argv)
{
  (void)argv;
#ifndef AFTR_CONFIG_USE_OCULUS_RIFT_OVR
  return ((int*)(&AFTR_CONFIG_USE_OCULUS_RIFT_OVR))[argc];
#else
  (void)argc;
  return 0;
#endif
}

Determining if the AFTR_CONFIG_USE_OCULUS_RIFT_DK2 exist failed with the following output:
Change Dir: C:/Users/butch/Desktop/OU Schoolwork/CS4900/main/modules/NewModule/src/out/build/x64-Debug/CMakeFiles/CMakeTmp

Run Build Command(s):C:/Program Files (x86)/Microsoft Visual Studio/2019/Community/Common7/IDE/CommonExtensions/Microsoft/CMake/Ninja/ninja.exe cmTC_91ca4 && [1/2] Building C object CMakeFiles\cmTC_91ca4.dir\CheckSymbolExists.c.obj
FAILED: CMakeFiles/cmTC_91ca4.dir/CheckSymbolExists.c.obj 
C:\PROGRA~2\MICROS~2\2019\COMMUN~1\VC\Tools\MSVC\1424~1.283\bin\HostX64\x64\cl.exe  /nologo   /DWIN32 /D_WINDOWS /W3  /MDd /Zi /Ob0 /Od /RTC1 /showIncludes /FoCMakeFiles\cmTC_91ca4.dir\CheckSymbolExists.c.obj /FdCMakeFiles\cmTC_91ca4.dir\ /FS -c CheckSymbolExists.c
CheckSymbolExists.c(8): error C2065: 'AFTR_CONFIG_USE_OCULUS_RIFT_DK2': undeclared identifier
ninja: build stopped: subcommand failed.


File C:/Users/butch/Desktop/OU Schoolwork/CS4900/main/modules/NewModule/src/out/build/x64-Debug/CMakeFiles/CMakeTmp/CheckSymbolExists.c:
/* */
#include <C:/Users/butch/Desktop/OU Schoolwork/CS4900/main/include/aftr/AftrConfig.h>

int main(int argc, char** argv)
{
  (void)argv;
#ifndef AFTR_CONFIG_USE_OCULUS_RIFT_DK2
  return ((int*)(&AFTR_CONFIG_USE_OCULUS_RIFT_DK2))[argc];
#else
  (void)argc;
  return 0;
#endif
}

Determining if the AFTR_CONFIG_USE_KEYLOK_DONGLE exist failed with the following output:
Change Dir: C:/Users/butch/Desktop/OU Schoolwork/CS4900/main/modules/NewModule/src/out/build/x64-Debug/CMakeFiles/CMakeTmp

Run Build Command(s):C:/Program Files (x86)/Microsoft Visual Studio/2019/Community/Common7/IDE/CommonExtensions/Microsoft/CMake/Ninja/ninja.exe cmTC_d9518 && [1/2] Building C object CMakeFiles\cmTC_d9518.dir\CheckSymbolExists.c.obj
FAILED: CMakeFiles/cmTC_d9518.dir/CheckSymbolExists.c.obj 
C:\PROGRA~2\MICROS~2\2019\COMMUN~1\VC\Tools\MSVC\1424~1.283\bin\HostX64\x64\cl.exe  /nologo   /DWIN32 /D_WINDOWS /W3  /MDd /Zi /Ob0 /Od /RTC1 /showIncludes /FoCMakeFiles\cmTC_d9518.dir\CheckSymbolExists.c.obj /FdCMakeFiles\cmTC_d9518.dir\ /FS -c CheckSymbolExists.c
CheckSymbolExists.c(8): error C2065: 'AFTR_CONFIG_USE_KEYLOK_DONGLE': undeclared identifier
ninja: build stopped: subcommand failed.


File C:/Users/butch/Desktop/OU Schoolwork/CS4900/main/modules/NewModule/src/out/build/x64-Debug/CMakeFiles/CMakeTmp/CheckSymbolExists.c:
/* */
#include <C:/Users/butch/Desktop/OU Schoolwork/CS4900/main/include/aftr/AftrConfig.h>

int main(int argc, char** argv)
{
  (void)argv;
#ifndef AFTR_CONFIG_USE_KEYLOK_DONGLE
  return ((int*)(&AFTR_CONFIG_USE_KEYLOK_DONGLE))[argc];
#else
  (void)argc;
  return 0;
#endif
}

